HGE Started..

HGE version: 1.70
Date: 25.02.2014, 14:58:54

Application: HGE Tutorial 03 - Using helper classes
OS: Windows 5.1.2600
Memory: 1825412K total, 973024K free

D3D Driver: nv4_disp.dll
Description: NVIDIA GeForce 320M    
Version: 6.14.11.9682
Can't find appropriate full screen video mode
Mode: 600 x 300 x UNKNOWN

Sound Device: Cirrus Logic HD Audio
Sample rate: 44100

Init done.

Can't load resource: menu.wav
Can't load resource: Archer.png
Can't load resource: Zombie.png
Can't load resource: Arrow.png
Can't load resource: Reticle.png
Can't load resource: Background.png
